<?xml version="1.0" encoding="UTF-8"?>
<!-- Generated by org.testng.reporters.JUnitReportReporter -->
<testsuite hostname="LAPTOP-PABV55DK" name="packageOne.ClassThree" tests="1" failures="0" timestamp="6 Feb 2021 14:14:14 GMT" time="10.235" errors="0">
  <testcase name="methodThreeA" time="10.235" classname="packageOne.ClassThree"/>
</testsuite> <!-- packageOne.ClassThree -->
