<?xml version="1.0" encoding="UTF-8"?>
<!-- Generated by org.testng.reporters.JUnitReportReporter -->
<testsuite hostname="LAPTOP-PABV55DK" name="packageOne.ClassFour" tests="1" failures="0" timestamp="6 Feb 2021 14:14:14 GMT" time="13.579" errors="0">
  <testcase name="methodFourA" time="13.579" classname="packageOne.ClassFour"/>
</testsuite> <!-- packageOne.ClassFour -->
