<?xml version="1.0" encoding="UTF-8"?>
<!-- Generated by org.testng.reporters.JUnitReportReporter -->
<testsuite hostname="LAPTOP-PABV55DK" name="packageOne.ClassOne" tests="1" failures="0" timestamp="6 Feb 2021 14:14:14 GMT" time="17.954" errors="0">
  <testcase name="methodOneA" time="17.954" classname="packageOne.ClassOne"/>
</testsuite> <!-- packageOne.ClassOne -->
