<?xml version="1.0" encoding="UTF-8"?>
<!-- Generated by org.testng.reporters.JUnitReportReporter -->
<testsuite hostname="LAPTOP-PABV55DK" name="packageOne.ClassTwo" tests="2" failures="0" timestamp="6 Feb 2021 14:14:14 GMT" time="8.877" errors="0">
  <testcase name="methodTwoB" time="0.000" classname="packageOne.ClassTwo"/>
  <testcase name="methodTwoA" time="8.877" classname="packageOne.ClassTwo"/>
</testsuite> <!-- packageOne.ClassTwo -->
