<?xml version="1.0" encoding="UTF-8"?>
<!-- Generated by org.testng.reporters.JUnitReportReporter -->
<testsuite hostname="LAPTOP-PABV55DK" failures="0" tests="1" name="packageOne.ClassThree" time="10.446" errors="0" timestamp="6 Feb 2021 08:01:39 GMT">
  <testcase classname="packageOne.ClassThree" name="methodThreeA" time="10.446"/>
</testsuite> <!-- packageOne.ClassThree -->
