<?xml version="1.0" encoding="UTF-8"?>
<!-- Generated by org.testng.reporters.JUnitReportReporter -->
<testsuite hostname="LAPTOP-PABV55DK" failures="0" tests="1" name="packageOne.ClassFour" time="34.348" errors="0" timestamp="6 Feb 2021 08:01:39 GMT">
  <testcase classname="packageOne.ClassFour" name="methodFourA" time="34.348"/>
</testsuite> <!-- packageOne.ClassFour -->
