<?xml version="1.0" encoding="UTF-8"?>
<!-- Generated by org.testng.reporters.JUnitReportReporter -->
<testsuite hostname="LAPTOP-PABV55DK" failures="0" tests="2" name="packageOne.ClassTwo" time="6.972" errors="0" timestamp="6 Feb 2021 08:01:39 GMT">
  <testcase classname="packageOne.ClassTwo" name="methodTwoB" time="0.004"/>
  <testcase classname="packageOne.ClassTwo" name="methodTwoA" time="6.968"/>
</testsuite> <!-- packageOne.ClassTwo -->
